[debug] ----------------------------------------------------------------------
[debug] Command:      /usr/local/bin/node /Users/franz.tanglao/.npm-global/bin/firebase deploy
[debug] CLI Version:  3.2.3
[debug] Platform:     darwin
[debug] Node Version: v4.4.7
[debug] Time:         Wed Feb 15 2017 20:34:34 GMT-0800 (PST)
[debug] ----------------------------------------------------------------------
[debug] 
[debug] > command requires scopes: ["email","openid","https://www.googleapis.com/auth/cloudplatformprojects.readonly","https://www.googleapis.com/auth/firebase"]
[debug] > refreshing access token with scopes: ["email","https://www.googleapis.com/auth/cloudplatformprojects.readonly","https://www.googleapis.com/auth/firebase","openid"]
[debug] >>> HTTP REQUEST POST https://www.googleapis.com/oauth2/v3/token { refresh_token: '1/DU6MvWxmsJvw7H0jh6pPuQfGeY_KFINFIAMSPJA2AaRyvU4SqW8FGU4i6PN_YgqS',
  client_id: '563584335869-fgrhgmd47bqnekij5i8b5pr03ho849e6.apps.googleusercontent.com',
  client_secret: 'j9iVZfS8kkCEFUPaAeJV0sAi',
  grant_type: 'refresh_token',
  scope: 'email https://www.googleapis.com/auth/cloudplatformprojects.readonly https://www.googleapis.com/auth/firebase openid' } 
 Wed Feb 15 2017 20:34:34 GMT-0800 (PST)
[debug] <<< HTTP RESPONSE 200
[debug] >>> HTTP REQUEST GET https://admin.firebase.com/v1/projects/sjibatch98  
 Wed Feb 15 2017 20:34:35 GMT-0800 (PST)
[debug] <<< HTTP RESPONSE 200
[debug] >>> HTTP REQUEST GET https://admin.firebase.com/v1/database/sjibatch98/tokens  
 Wed Feb 15 2017 20:34:36 GMT-0800 (PST)
